<?xml version="1.0" encoding="UTF-8"?>
<!-- Generated by org.testng.reporters.JUnitXMLReporter -->
<testsuite ignored="0" hostname="DEMON-PC" failures="3" tests="4" name="Test" time="93.866" errors="0" timestamp="2024-09-15T18:12:07 IST">
  <testcase classname="testCases.TC001_SignupTest" name="verify_Signup" time="5.363"/>
  <testcase classname="testCases.TC002_LoginTest" name="verify_Login" time="1.964">
    <failure type="java.lang.IllegalArgumentException" message="Keys to send should be a not null CharSequence">
      <![CDATA[java.lang.IllegalArgumentException: Keys to send should be a not null CharSequence
at org.openqa.selenium.remote.RemoteWebElement.sendKeys(RemoteWebElement.java:96)
at org.openqa.selenium.support.pagefactory.internal.LocatingElementHandler.invoke(LocatingElementHandler.java:51)
at jdk.proxy2/jdk.proxy2.$Proxy14.sendKeys(Unknown Source)
at pageObjects.Loginpage.setusername(Loginpage.java:19)
at testBase.Baseclass.login(Baseclass.java:61)
at testCases.TC002_LoginTest.verify_Login(TC002_LoginTest.java:10)
at java.base/java.util.ArrayList.forEach(ArrayList.java:1597)
... Removed 27 stack frames]]>
    </failure>
  </testcase> <!-- verify_Login -->
  <testcase classname="testCases.TC003_LogoutTest" name="verify_Logout" time="1.743">
    <failure type="java.lang.IllegalArgumentException" message="Keys to send should be a not null CharSequence">
      <![CDATA[java.lang.IllegalArgumentException: Keys to send should be a not null CharSequence
at org.openqa.selenium.remote.RemoteWebElement.sendKeys(RemoteWebElement.java:96)
at org.openqa.selenium.support.pagefactory.internal.LocatingElementHandler.invoke(LocatingElementHandler.java:51)
at jdk.proxy2/jdk.proxy2.$Proxy14.sendKeys(Unknown Source)
at pageObjects.Loginpage.setusername(Loginpage.java:19)
at testBase.Baseclass.login(Baseclass.java:61)
at testCases.TC003_LogoutTest.verify_Logout(TC003_LogoutTest.java:12)
at java.base/java.util.ArrayList.forEach(ArrayList.java:1597)
... Removed 27 stack frames]]>
    </failure>
  </testcase> <!-- verify_Logout -->
  <testcase classname="testCases.TC004_AddnewcourseTest" name="add_new_course" time="1.199">
    <failure type="java.lang.IllegalArgumentException" message="Keys to send should be a not null CharSequence">
      <![CDATA[java.lang.IllegalArgumentException: Keys to send should be a not null CharSequence
at org.openqa.selenium.remote.RemoteWebElement.sendKeys(RemoteWebElement.java:96)
at org.openqa.selenium.support.pagefactory.internal.LocatingElementHandler.invoke(LocatingElementHandler.java:51)
at jdk.proxy2/jdk.proxy2.$Proxy14.sendKeys(Unknown Source)
at pageObjects.Loginpage.setusername(Loginpage.java:19)
at testBase.Baseclass.login(Baseclass.java:61)
at testCases.TC004_AddnewcourseTest.add_new_course(TC004_AddnewcourseTest.java:11)
at java.base/java.util.ArrayList.forEach(ArrayList.java:1597)
... Removed 27 stack frames]]>
    </failure>
  </testcase> <!-- add_new_course -->
</testsuite> <!-- Test -->
